<?xml version="1.0" encoding="UTF-8"?>
<!-- Generated by org.testng.reporters.JUnitReportReporter -->
<testsuite hostname="LAPTOP-UTBN2GD7" failures="0" tests="1" name="com.mycompany.app.SeleniumTest" time="0.009" errors="0" timestamp="06 Feb 2020 22:02:13 GMT" skipped="0">
  <testcase classname="com.mycompany.app.SeleniumTest" name="SeleniumB" time="0.009"/>
</testsuite> <!-- com.mycompany.app.SeleniumTest -->
