<?xml version="1.0" encoding="UTF-8"?>
<!-- Generated by org.testng.reporters.JUnitReportReporter -->
<testsuite hostname="LAPTOP-UTBN2GD7" failures="0" tests="2" name="com.mycompany.app.RESTAPITest" time="0.002" errors="0" timestamp="06 Feb 2020 22:02:13 GMT" skipped="0">
  <testcase classname="com.mycompany.app.RESTAPITest" name="RestApiTB" time="0.001"/>
  <testcase classname="com.mycompany.app.RESTAPITest" name="RestApiTA" time="0.001"/>
</testsuite> <!-- com.mycompany.app.RESTAPITest -->
