<?xml version="1.0" encoding="UTF-8"?>
<!-- Generated by org.testng.reporters.JUnitReportReporter -->
<testsuite hostname="LAPTOP-UTBN2GD7" failures="0" tests="2" name="com.mycompany.app.AppiumTest" time="0.004" errors="0" timestamp="2020-02-07T12:34:25 EST" skipped="0">
  <testcase classname="com.mycompany.app.AppiumTest" name="appiumB" time="0.001"/>
  <system-out/>
  <testcase classname="com.mycompany.app.AppiumTest" name="appiumA" time="0.003"/>
  <system-out/>
</testsuite> <!-- com.mycompany.app.AppiumTest -->
